{"C:\\Users\\user\\Downloads\\new_payment_gateway_service-main\\new_payment_gateway_service\\new_payment_gateway_service\\task-management-system-new\\src\\server.js": {"path":"C:\\Users\\user\\Downloads\\new_payment_gateway_service-main\\new_payment_gateway_service\\new_payment_gateway_service\\task-management-system-new\\src\\server.js","statementMap":{"0":{"start":{"line":3,"column":16},"end":{"line":3,"column":34}},"1":{"start":{"line":4,"column":15},"end":{"line":4,"column":32}},"2":{"start":{"line":5,"column":15},"end":{"line":5,"column":32}},"3":{"start":{"line":6,"column":13},"end":{"line":6,"column":28}},"4":{"start":{"line":7,"column":29},"end":{"line":7,"column":47}},"5":{"start":{"line":8,"column":0},"end":{"line":8,"column":28}},"6":{"start":{"line":10,"column":19},"end":{"line":10,"column":49}},"7":{"start":{"line":11,"column":19},"end":{"line":11,"column":49}},"8":{"start":{"line":14,"column":0},"end":{"line":14,"column":16}},"9":{"start":{"line":17,"column":12},"end":{"line":17,"column":21}},"10":{"start":{"line":20,"column":0},"end":{"line":20,"column":16}},"11":{"start":{"line":21,"column":0},"end":{"line":21,"column":24}},"12":{"start":{"line":22,"column":0},"end":{"line":22,"column":23}},"13":{"start":{"line":25,"column":0},"end":{"line":47,"column":5}},"14":{"start":{"line":27,"column":4},"end":{"line":27,"column":51}},"15":{"start":{"line":30,"column":4},"end":{"line":30,"column":32}},"16":{"start":{"line":31,"column":4},"end":{"line":31,"column":32}},"17":{"start":{"line":34,"column":4},"end":{"line":37,"column":7}},"18":{"start":{"line":35,"column":6},"end":{"line":35,"column":31}},"19":{"start":{"line":36,"column":6},"end":{"line":36,"column":65}},"20":{"start":{"line":40,"column":17},"end":{"line":40,"column":41}},"21":{"start":{"line":41,"column":4},"end":{"line":43,"column":7}},"22":{"start":{"line":42,"column":6},"end":{"line":42,"column":52}},"23":{"start":{"line":46,"column":4},"end":{"line":46,"column":55}}},"fnMap":{"0":{"name":"(anonymous_0)","decl":{"start":{"line":26,"column":8},"end":{"line":26,"column":9}},"loc":{"start":{"line":26,"column":14},"end":{"line":44,"column":3}},"line":26},"1":{"name":"(anonymous_1)","decl":{"start":{"line":34,"column":12},"end":{"line":34,"column":13}},"loc":{"start":{"line":34,"column":37},"end":{"line":37,"column":5}},"line":34},"2":{"name":"(anonymous_2)","decl":{"start":{"line":41,"column":21},"end":{"line":41,"column":22}},"loc":{"start":{"line":41,"column":27},"end":{"line":43,"column":5}},"line":41},"3":{"name":"(anonymous_3)","decl":{"start":{"line":45,"column":9},"end":{"line":45,"column":10}},"loc":{"start":{"line":45,"column":20},"end":{"line":47,"column":3}},"line":45}},"branchMap":{"0":{"loc":{"start":{"line":40,"column":17},"end":{"line":40,"column":41}},"type":"binary-expr","locations":[{"start":{"line":40,"column":17},"end":{"line":40,"column":33}},{"start":{"line":40,"column":37},"end":{"line":40,"column":41}}],"line":40}},"s":{"0":0,"1":0,"2":0,"3":0,"4":0,"5":0,"6":0,"7":0,"8":0,"9":0,"10":0,"11":0,"12":0,"13":0,"14":0,"15":0,"16":0,"17":0,"18":0,"19":0,"20":0,"21":0,"22":0,"23":0},"f":{"0":0,"1":0,"2":0,"3":0},"b":{"0":[0,0]}}
,"C:\\Users\\user\\Downloads\\new_payment_gateway_service-main\\new_payment_gateway_service\\new_payment_gateway_service\\task-management-system-new\\src\\config\\db.js": {"path":"C:\\Users\\user\\Downloads\\new_payment_gateway_service-main\\new_payment_gateway_service\\new_payment_gateway_service\\task-management-system-new\\src\\config\\db.js","statementMap":{"0":{"start":{"line":1,"column":23},"end":{"line":1,"column":41}},"1":{"start":{"line":2,"column":13},"end":{"line":2,"column":40}},"2":{"start":{"line":3,"column":13},"end":{"line":3,"column":40}},"3":{"start":{"line":5,"column":22},"end":{"line":14,"column":2}},"4":{"start":{"line":16,"column":0},"end":{"line":16,"column":31}}},"fnMap":{},"branchMap":{},"s":{"0":0,"1":0,"2":0,"3":0,"4":0},"f":{},"b":{}}
,"C:\\Users\\user\\Downloads\\new_payment_gateway_service-main\\new_payment_gateway_service\\new_payment_gateway_service\\task-management-system-new\\src\\controllers\\authController.js": {"path":"C:\\Users\\user\\Downloads\\new_payment_gateway_service-main\\new_payment_gateway_service\\new_payment_gateway_service\\task-management-system-new\\src\\controllers\\authController.js","statementMap":{"0":{"start":{"line":1,"column":15},"end":{"line":1,"column":34}},"1":{"start":{"line":2,"column":12},"end":{"line":2,"column":35}},"2":{"start":{"line":3,"column":22},"end":{"line":3,"column":45}},"3":{"start":{"line":4,"column":13},"end":{"line":4,"column":40}},"4":{"start":{"line":6,"column":17},"end":{"line":26,"column":1}},"5":{"start":{"line":7,"column":2},"end":{"line":25,"column":3}},"6":{"start":{"line":8,"column":40},"end":{"line":8,"column":48}},"7":{"start":{"line":10,"column":26},"end":{"line":12,"column":7}},"8":{"start":{"line":13,"column":5},"end":{"line":15,"column":6}},"9":{"start":{"line":14,"column":7},"end":{"line":14,"column":69}},"10":{"start":{"line":16,"column":27},"end":{"line":16,"column":58}},"11":{"start":{"line":17,"column":17},"end":{"line":17,"column":27}},"12":{"start":{"line":18,"column":4},"end":{"line":18,"column":29}},"13":{"start":{"line":19,"column":4},"end":{"line":19,"column":35}},"14":{"start":{"line":20,"column":4},"end":{"line":20,"column":31}},"15":{"start":{"line":21,"column":4},"end":{"line":21,"column":43}},"16":{"start":{"line":22,"column":4},"end":{"line":22,"column":70}},"17":{"start":{"line":24,"column":4},"end":{"line":24,"column":59}},"18":{"start":{"line":28,"column":14},"end":{"line":40,"column":1}},"19":{"start":{"line":29,"column":2},"end":{"line":39,"column":3}},"20":{"start":{"line":30,"column":35},"end":{"line":30,"column":43}},"21":{"start":{"line":31,"column":17},"end":{"line":31,"column":83}},"22":{"start":{"line":32,"column":4},"end":{"line":34,"column":5}},"23":{"start":{"line":33,"column":6},"end":{"line":33,"column":68}},"24":{"start":{"line":35,"column":18},"end":{"line":35,"column":92}},"25":{"start":{"line":36,"column":4},"end":{"line":36,"column":36}},"26":{"start":{"line":38,"column":4},"end":{"line":38,"column":52}},"27":{"start":{"line":42,"column":0},"end":{"line":42,"column":37}}},"fnMap":{"0":{"name":"(anonymous_0)","decl":{"start":{"line":6,"column":17},"end":{"line":6,"column":18}},"loc":{"start":{"line":6,"column":37},"end":{"line":26,"column":1}},"line":6},"1":{"name":"(anonymous_1)","decl":{"start":{"line":28,"column":14},"end":{"line":28,"column":15}},"loc":{"start":{"line":28,"column":34},"end":{"line":40,"column":1}},"line":28}},"branchMap":{"0":{"loc":{"start":{"line":13,"column":5},"end":{"line":15,"column":6}},"type":"if","locations":[{"start":{"line":13,"column":5},"end":{"line":15,"column":6}},{"start":{},"end":{}}],"line":13},"1":{"loc":{"start":{"line":20,"column":16},"end":{"line":20,"column":30}},"type":"binary-expr","locations":[{"start":{"line":20,"column":16},"end":{"line":20,"column":20}},{"start":{"line":20,"column":24},"end":{"line":20,"column":30}}],"line":20},"2":{"loc":{"start":{"line":32,"column":4},"end":{"line":34,"column":5}},"type":"if","locations":[{"start":{"line":32,"column":4},"end":{"line":34,"column":5}},{"start":{},"end":{}}],"line":32},"3":{"loc":{"start":{"line":32,"column":8},"end":{"line":32,"column":63}},"type":"binary-expr","locations":[{"start":{"line":32,"column":8},"end":{"line":32,"column":13}},{"start":{"line":32,"column":17},"end":{"line":32,"column":63}}],"line":32}},"s":{"0":0,"1":0,"2":0,"3":0,"4":0,"5":0,"6":0,"7":0,"8":0,"9":0,"10":0,"11":0,"12":0,"13":0,"14":0,"15":0,"16":0,"17":0,"18":0,"19":0,"20":0,"21":0,"22":0,"23":0,"24":0,"25":0,"26":0,"27":0},"f":{"0":0,"1":0},"b":{"0":[0,0],"1":[0,0],"2":[0,0],"3":[0,0]}}
,"C:\\Users\\user\\Downloads\\new_payment_gateway_service-main\\new_payment_gateway_service\\new_payment_gateway_service\\task-management-system-new\\src\\controllers\\taskController.js": {"path":"C:\\Users\\user\\Downloads\\new_payment_gateway_service-main\\new_payment_gateway_service\\new_payment_gateway_service\\task-management-system-new\\src\\controllers\\taskController.js","statementMap":{"0":{"start":{"line":1,"column":22},"end":{"line":1,"column":45}},"1":{"start":{"line":2,"column":13},"end":{"line":2,"column":40}},"2":{"start":{"line":4,"column":19},"end":{"line":19,"column":1}},"3":{"start":{"line":5,"column":2},"end":{"line":18,"column":3}},"4":{"start":{"line":6,"column":63},"end":{"line":6,"column":71}},"5":{"start":{"line":7,"column":17},"end":{"line":7,"column":27}},"6":{"start":{"line":8,"column":4},"end":{"line":8,"column":23}},"7":{"start":{"line":9,"column":4},"end":{"line":9,"column":35}},"8":{"start":{"line":10,"column":4},"end":{"line":10,"column":25}},"9":{"start":{"line":11,"column":4},"end":{"line":11,"column":29}},"10":{"start":{"line":12,"column":4},"end":{"line":12,"column":29}},"11":{"start":{"line":13,"column":4},"end":{"line":13,"column":25}},"12":{"start":{"line":14,"column":4},"end":{"line":14,"column":43}},"13":{"start":{"line":15,"column":4},"end":{"line":15,"column":31}},"14":{"start":{"line":17,"column":4},"end":{"line":17,"column":60}},"15":{"start":{"line":21,"column":17},"end":{"line":73,"column":1}},"16":{"start":{"line":22,"column":2},"end":{"line":72,"column":3}},"17":{"start":{"line":30,"column":8},"end":{"line":30,"column":17}},"18":{"start":{"line":31,"column":24},"end":{"line":31,"column":42}},"19":{"start":{"line":34,"column":4},"end":{"line":34,"column":44}},"20":{"start":{"line":34,"column":16},"end":{"line":34,"column":44}},"21":{"start":{"line":35,"column":4},"end":{"line":35,"column":50}},"22":{"start":{"line":35,"column":18},"end":{"line":35,"column":50}},"23":{"start":{"line":36,"column":4},"end":{"line":36,"column":50}},"24":{"start":{"line":36,"column":18},"end":{"line":36,"column":50}},"25":{"start":{"line":39,"column":23},"end":{"line":39,"column":41}},"26":{"start":{"line":40,"column":24},"end":{"line":40,"column":43}},"27":{"start":{"line":41,"column":17},"end":{"line":41,"column":47}},"28":{"start":{"line":44,"column":25},"end":{"line":59,"column":24}},"29":{"start":{"line":49,"column":10},"end":{"line":55,"column":11}},"30":{"start":{"line":50,"column":12},"end":{"line":54,"column":15}},"31":{"start":{"line":61,"column":27},"end":{"line":61,"column":63}},"32":{"start":{"line":63,"column":4},"end":{"line":68,"column":7}},"33":{"start":{"line":70,"column":4},"end":{"line":70,"column":23}},"34":{"start":{"line":71,"column":4},"end":{"line":71,"column":61}},"35":{"start":{"line":76,"column":19},"end":{"line":96,"column":1}},"36":{"start":{"line":77,"column":2},"end":{"line":95,"column":3}},"37":{"start":{"line":78,"column":23},"end":{"line":78,"column":33}},"38":{"start":{"line":79,"column":53},"end":{"line":79,"column":61}},"39":{"start":{"line":80,"column":17},"end":{"line":82,"column":6}},"40":{"start":{"line":83,"column":4},"end":{"line":85,"column":5}},"41":{"start":{"line":84,"column":6},"end":{"line":84,"column":63}},"42":{"start":{"line":86,"column":4},"end":{"line":86,"column":23}},"43":{"start":{"line":87,"column":4},"end":{"line":87,"column":35}},"44":{"start":{"line":88,"column":4},"end":{"line":88,"column":25}},"45":{"start":{"line":89,"column":4},"end":{"line":89,"column":29}},"46":{"start":{"line":90,"column":4},"end":{"line":90,"column":33}},"47":{"start":{"line":91,"column":4},"end":{"line":91,"column":43}},"48":{"start":{"line":92,"column":4},"end":{"line":92,"column":31}},"49":{"start":{"line":94,"column":4},"end":{"line":94,"column":60}},"50":{"start":{"line":98,"column":19},"end":{"line":112,"column":1}},"51":{"start":{"line":99,"column":2},"end":{"line":111,"column":3}},"52":{"start":{"line":100,"column":23},"end":{"line":100,"column":33}},"53":{"start":{"line":101,"column":17},"end":{"line":103,"column":6}},"54":{"start":{"line":104,"column":4},"end":{"line":106,"column":5}},"55":{"start":{"line":105,"column":6},"end":{"line":105,"column":63}},"56":{"start":{"line":107,"column":4},"end":{"line":107,"column":45}},"57":{"start":{"line":108,"column":4},"end":{"line":108,"column":67}},"58":{"start":{"line":110,"column":4},"end":{"line":110,"column":60}},"59":{"start":{"line":114,"column":0},"end":{"line":114,"column":66}}},"fnMap":{"0":{"name":"(anonymous_0)","decl":{"start":{"line":4,"column":19},"end":{"line":4,"column":20}},"loc":{"start":{"line":4,"column":39},"end":{"line":19,"column":1}},"line":4},"1":{"name":"(anonymous_1)","decl":{"start":{"line":21,"column":17},"end":{"line":21,"column":18}},"loc":{"start":{"line":21,"column":37},"end":{"line":73,"column":1}},"line":21},"2":{"name":"(anonymous_2)","decl":{"start":{"line":48,"column":21},"end":{"line":48,"column":22}},"loc":{"start":{"line":48,"column":29},"end":{"line":56,"column":9}},"line":48},"3":{"name":"(anonymous_3)","decl":{"start":{"line":76,"column":19},"end":{"line":76,"column":20}},"loc":{"start":{"line":76,"column":39},"end":{"line":96,"column":1}},"line":76},"4":{"name":"(anonymous_4)","decl":{"start":{"line":98,"column":19},"end":{"line":98,"column":20}},"loc":{"start":{"line":98,"column":39},"end":{"line":112,"column":1}},"line":98}},"branchMap":{"0":{"loc":{"start":{"line":28,"column":6},"end":{"line":28,"column":14}},"type":"default-arg","locations":[{"start":{"line":28,"column":13},"end":{"line":28,"column":14}}],"line":28},"1":{"loc":{"start":{"line":29,"column":6},"end":{"line":29,"column":16}},"type":"default-arg","locations":[{"start":{"line":29,"column":14},"end":{"line":29,"column":16}}],"line":29},"2":{"loc":{"start":{"line":34,"column":4},"end":{"line":34,"column":44}},"type":"if","locations":[{"start":{"line":34,"column":4},"end":{"line":34,"column":44}},{"start":{},"end":{}}],"line":34},"3":{"loc":{"start":{"line":35,"column":4},"end":{"line":35,"column":50}},"type":"if","locations":[{"start":{"line":35,"column":4},"end":{"line":35,"column":50}},{"start":{},"end":{}}],"line":35},"4":{"loc":{"start":{"line":36,"column":4},"end":{"line":36,"column":50}},"type":"if","locations":[{"start":{"line":36,"column":4},"end":{"line":36,"column":50}},{"start":{},"end":{}}],"line":36},"5":{"loc":{"start":{"line":49,"column":10},"end":{"line":55,"column":11}},"type":"if","locations":[{"start":{"line":49,"column":10},"end":{"line":55,"column":11}},{"start":{},"end":{}}],"line":49},"6":{"loc":{"start":{"line":83,"column":4},"end":{"line":85,"column":5}},"type":"if","locations":[{"start":{"line":83,"column":4},"end":{"line":85,"column":5}},{"start":{},"end":{}}],"line":83},"7":{"loc":{"start":{"line":104,"column":4},"end":{"line":106,"column":5}},"type":"if","locations":[{"start":{"line":104,"column":4},"end":{"line":106,"column":5}},{"start":{},"end":{}}],"line":104}},"s":{"0":0,"1":0,"2":0,"3":0,"4":0,"5":0,"6":0,"7":0,"8":0,"9":0,"10":0,"11":0,"12":0,"13":0,"14":0,"15":0,"16":0,"17":0,"18":0,"19":0,"20":0,"21":0,"22":0,"23":0,"24":0,"25":0,"26":0,"27":0,"28":0,"29":0,"30":0,"31":0,"32":0,"33":0,"34":0,"35":0,"36":0,"37":0,"38":0,"39":0,"40":0,"41":0,"42":0,"43":0,"44":0,"45":0,"46":0,"47":0,"48":0,"49":0,"50":0,"51":0,"52":0,"53":0,"54":0,"55":0,"56":0,"57":0,"58":0,"59":0},"f":{"0":0,"1":0,"2":0,"3":0,"4":0},"b":{"0":[0],"1":[0],"2":[0,0],"3":[0,0],"4":[0,0],"5":[0,0],"6":[0,0],"7":[0,0]}}
,"C:\\Users\\user\\Downloads\\new_payment_gateway_service-main\\new_payment_gateway_service\\new_payment_gateway_service\\task-management-system-new\\src\\entities\\Task.js": {"path":"C:\\Users\\user\\Downloads\\new_payment_gateway_service-main\\new_payment_gateway_service\\new_payment_gateway_service\\task-management-system-new\\src\\entities\\Task.js","statementMap":{"0":{"start":{"line":8,"column":4},"end":{"line":8,"column":22}},"1":{"start":{"line":9,"column":13},"end":{"line":9,"column":30}},"2":{"start":{"line":54,"column":19},"end":{"line":54,"column":23}},"3":{"start":{"line":54,"column":35},"end":{"line":54,"column":45}},"4":{"start":{"line":58,"column":0},"end":{"line":58,"column":22}}},"fnMap":{"0":{"name":"(anonymous_0)","decl":{"start":{"line":54,"column":13},"end":{"line":54,"column":14}},"loc":{"start":{"line":54,"column":19},"end":{"line":54,"column":23}},"line":54},"1":{"name":"(anonymous_1)","decl":{"start":{"line":54,"column":25},"end":{"line":54,"column":26}},"loc":{"start":{"line":54,"column":35},"end":{"line":54,"column":45}},"line":54}},"branchMap":{},"s":{"0":0,"1":0,"2":0,"3":0,"4":0},"f":{"0":0,"1":0},"b":{}}
,"C:\\Users\\user\\Downloads\\new_payment_gateway_service-main\\new_payment_gateway_service\\new_payment_gateway_service\\task-management-system-new\\src\\entities\\User.js": {"path":"C:\\Users\\user\\Downloads\\new_payment_gateway_service-main\\new_payment_gateway_service\\new_payment_gateway_service\\task-management-system-new\\src\\entities\\User.js","statementMap":{"0":{"start":{"line":6,"column":4},"end":{"line":6,"column":22}},"1":{"start":{"line":7,"column":13},"end":{"line":7,"column":30}},"2":{"start":{"line":33,"column":19},"end":{"line":33,"column":23}},"3":{"start":{"line":33,"column":35},"end":{"line":33,"column":44}},"4":{"start":{"line":37,"column":0},"end":{"line":37,"column":22}}},"fnMap":{"0":{"name":"(anonymous_0)","decl":{"start":{"line":33,"column":13},"end":{"line":33,"column":14}},"loc":{"start":{"line":33,"column":19},"end":{"line":33,"column":23}},"line":33},"1":{"name":"(anonymous_1)","decl":{"start":{"line":33,"column":25},"end":{"line":33,"column":26}},"loc":{"start":{"line":33,"column":35},"end":{"line":33,"column":44}},"line":33}},"branchMap":{},"s":{"0":0,"1":0,"2":0,"3":0,"4":0},"f":{"0":0,"1":0},"b":{}}
,"C:\\Users\\user\\Downloads\\new_payment_gateway_service-main\\new_payment_gateway_service\\new_payment_gateway_service\\task-management-system-new\\src\\middleware\\authMiddleware.js": {"path":"C:\\Users\\user\\Downloads\\new_payment_gateway_service-main\\new_payment_gateway_service\\new_payment_gateway_service\\task-management-system-new\\src\\middleware\\authMiddleware.js","statementMap":{"0":{"start":{"line":1,"column":12},"end":{"line":1,"column":35}},"1":{"start":{"line":2,"column":22},"end":{"line":2,"column":51}},"2":{"start":{"line":3,"column":13},"end":{"line":3,"column":40}},"3":{"start":{"line":5,"column":23},"end":{"line":19,"column":1}},"4":{"start":{"line":6,"column":2},"end":{"line":18,"column":3}},"5":{"start":{"line":7,"column":18},"end":{"line":7,"column":57}},"6":{"start":{"line":8,"column":20},"end":{"line":8,"column":61}},"7":{"start":{"line":9,"column":4},"end":{"line":11,"column":7}},"8":{"start":{"line":12,"column":4},"end":{"line":14,"column":5}},"9":{"start":{"line":13,"column":6},"end":{"line":13,"column":61}},"10":{"start":{"line":15,"column":4},"end":{"line":15,"column":11}},"11":{"start":{"line":17,"column":4},"end":{"line":17,"column":52}},"12":{"start":{"line":21,"column":0},"end":{"line":21,"column":32}}},"fnMap":{"0":{"name":"(anonymous_0)","decl":{"start":{"line":5,"column":23},"end":{"line":5,"column":24}},"loc":{"start":{"line":5,"column":49},"end":{"line":19,"column":1}},"line":5}},"branchMap":{"0":{"loc":{"start":{"line":12,"column":4},"end":{"line":14,"column":5}},"type":"if","locations":[{"start":{"line":12,"column":4},"end":{"line":14,"column":5}},{"start":{},"end":{}}],"line":12}},"s":{"0":0,"1":0,"2":0,"3":0,"4":0,"5":0,"6":0,"7":0,"8":0,"9":0,"10":0,"11":0,"12":0},"f":{"0":0},"b":{"0":[0,0]}}
,"C:\\Users\\user\\Downloads\\new_payment_gateway_service-main\\new_payment_gateway_service\\new_payment_gateway_service\\task-management-system-new\\src\\middleware\\roleMiddleware.js": {"path":"C:\\Users\\user\\Downloads\\new_payment_gateway_service-main\\new_payment_gateway_service\\new_payment_gateway_service\\task-management-system-new\\src\\middleware\\roleMiddleware.js","statementMap":{"0":{"start":{"line":1,"column":23},"end":{"line":8,"column":1}},"1":{"start":{"line":2,"column":2},"end":{"line":7,"column":4}},"2":{"start":{"line":3,"column":4},"end":{"line":5,"column":5}},"3":{"start":{"line":4,"column":6},"end":{"line":4,"column":63}},"4":{"start":{"line":6,"column":4},"end":{"line":6,"column":11}},"5":{"start":{"line":10,"column":0},"end":{"line":10,"column":32}}},"fnMap":{"0":{"name":"(anonymous_0)","decl":{"start":{"line":1,"column":23},"end":{"line":1,"column":24}},"loc":{"start":{"line":1,"column":34},"end":{"line":8,"column":1}},"line":1},"1":{"name":"(anonymous_1)","decl":{"start":{"line":2,"column":9},"end":{"line":2,"column":10}},"loc":{"start":{"line":2,"column":29},"end":{"line":7,"column":3}},"line":2}},"branchMap":{"0":{"loc":{"start":{"line":3,"column":4},"end":{"line":5,"column":5}},"type":"if","locations":[{"start":{"line":3,"column":4},"end":{"line":5,"column":5}},{"start":{},"end":{}}],"line":3}},"s":{"0":0,"1":0,"2":0,"3":0,"4":0,"5":0},"f":{"0":0,"1":0},"b":{"0":[0,0]}}
,"C:\\Users\\user\\Downloads\\new_payment_gateway_service-main\\new_payment_gateway_service\\new_payment_gateway_service\\task-management-system-new\\src\\routes\\authRoutes.js": {"path":"C:\\Users\\user\\Downloads\\new_payment_gateway_service-main\\new_payment_gateway_service\\new_payment_gateway_service\\task-management-system-new\\src\\routes\\authRoutes.js","statementMap":{"0":{"start":{"line":1,"column":16},"end":{"line":1,"column":34}},"1":{"start":{"line":2,"column":28},"end":{"line":2,"column":68}},"2":{"start":{"line":3,"column":15},"end":{"line":3,"column":31}},"3":{"start":{"line":5,"column":0},"end":{"line":5,"column":35}},"4":{"start":{"line":6,"column":0},"end":{"line":6,"column":29}},"5":{"start":{"line":8,"column":0},"end":{"line":8,"column":24}}},"fnMap":{},"branchMap":{},"s":{"0":0,"1":0,"2":0,"3":0,"4":0,"5":0},"f":{},"b":{}}
,"C:\\Users\\user\\Downloads\\new_payment_gateway_service-main\\new_payment_gateway_service\\new_payment_gateway_service\\task-management-system-new\\src\\routes\\taskRoutes.js": {"path":"C:\\Users\\user\\Downloads\\new_payment_gateway_service-main\\new_payment_gateway_service\\new_payment_gateway_service\\task-management-system-new\\src\\routes\\taskRoutes.js","statementMap":{"0":{"start":{"line":1,"column":16},"end":{"line":1,"column":34}},"1":{"start":{"line":7,"column":4},"end":{"line":7,"column":44}},"2":{"start":{"line":8,"column":23},"end":{"line":8,"column":62}},"3":{"start":{"line":9,"column":23},"end":{"line":9,"column":62}},"4":{"start":{"line":10,"column":15},"end":{"line":10,"column":31}},"5":{"start":{"line":12,"column":0},"end":{"line":12,"column":27}},"6":{"start":{"line":14,"column":0},"end":{"line":14,"column":69}},"7":{"start":{"line":15,"column":0},"end":{"line":15,"column":31}},"8":{"start":{"line":16,"column":0},"end":{"line":16,"column":68}},"9":{"start":{"line":17,"column":0},"end":{"line":17,"column":71}},"10":{"start":{"line":19,"column":0},"end":{"line":19,"column":24}}},"fnMap":{},"branchMap":{},"s":{"0":0,"1":0,"2":0,"3":0,"4":0,"5":0,"6":0,"7":0,"8":0,"9":0,"10":0},"f":{},"b":{}}
}
